{
  "RSpec": {
    "coverage": {
      "/Users/student/Documents/bookmark/app.rb": [
        1,
        1,
        null,
        1,
        null,
        1,
        1,
        null,
        null,
        1,
        1,
        1,
        null,
        1,
        null
      ],
      "/Users/student/Documents/bookmark/lib/bookmark.rb": [
        1,
        1,
        null,
        2,
        null,
        null,
        null,
        null
      ],
      "/Users/student/Documents/bookmark/spec/bookmark_spec.rb": [
        1,
        null,
        1,
        1,
        1,
        1,
        null,
        1,
        1,
        null,
        null,
        null
      ],
      "/Users/student/Documents/bookmark/spec/features/test_spec.rb": [
        1,
        1,
        1,
        1,
        null,
        null
      ],
      "/Users/student/Documents/bookmark/spec/features/viewing _bookmark_spec.rb": [
        1,
        null,
        1,
        1,
        1,
        1,
        null,
        null
      ]
    },
    "timestamp": 1574754647
  }
}
